Start testing: Jun 01 21:02 MSK
----------------------------------------------------------
1/1 Testing: adapter_tests
1/1 Test: adapter_tests
Command: "/home/vboxuser/RK/build/adapter_tests"
Directory: /home/vboxuser/RK/build
"adapter_tests" start time: Jun 01 21:02 MSK
Output:
----------------------------------------------------------
Running main() from ./googletest/src/gtest_main.cc
[==========] Running 2 tests from 2 test suites.
[----------] Global test environment set-up.
[----------] 1 test from CrappyArrayInventoryTest
[ RUN      ] CrappyArrayInventoryTest.BasicFunctionality
[       OK ] CrappyArrayInventoryTest.BasicFunctionality (0 ms)
[----------] 1 test from CrappyArrayInventoryTest (0 ms total)

[----------] 1 test from ModernInventoryTest
[ RUN      ] ModernInventoryTest.AdapterWorks
[       OK ] ModernInventoryTest.AdapterWorks (0 ms)
[----------] 1 test from ModernInventoryTest (0 ms total)

[----------] Global test environment tear-down
[==========] 2 tests from 2 test suites ran. (0 ms total)
[  PASSED  ] 2 tests.
<end of output>
Test time =   0.02 sec
----------------------------------------------------------
Test Passed.
"adapter_tests" end time: Jun 01 21:02 MSK
"adapter_tests" time elapsed: 00:00:00
----------------------------------------------------------

End testing: Jun 01 21:02 MSK
